INFO: [VRFC 10-163] Analyzing VHDL file "/nfs/home/b/b_mihigo/lab4_encs/lab4_encs.srcs/sources_1/imports/lab4/register_4bit.vhd" into library work
INFO: [VRFC 10-307] analyzing entity Register_4bit
INFO: [VRFC 10-163] Analyzing VHDL file "/nfs/home/b/b_mihigo/lab4_encs/lab4_encs.srcs/sources_1/imports/lab4/registers_min_max.vhd" into library work
INFO: [VRFC 10-307] analyzing entity registers_min_max
INFO: [VRFC 10-163] Analyzing VHDL file "/nfs/home/b/b_mihigo/lab4_encs/lab4_encs.srcs/sources_1/imports/lab4/registers_min_max.vhd" into library work
INFO: [VRFC 10-307] analyzing entity registers_min_max
ERROR: [VRFC 10-91] r3 is not declared [/nfs/home/b/b_mihigo/lab4_encs/lab4_encs.srcs/sources_1/imports/lab4/registers_min_max.vhd:112]
ERROR: [VRFC 10-91] r2 is not declared [/nfs/home/b/b_mihigo/lab4_encs/lab4_encs.srcs/sources_1/imports/lab4/registers_min_max.vhd:113]
ERROR: [VRFC 10-91] r1 is not declared [/nfs/home/b/b_mihigo/lab4_encs/lab4_encs.srcs/sources_1/imports/lab4/registers_min_max.vhd:114]
ERROR: [VRFC 10-91] r0 is not declared [/nfs/home/b/b_mihigo/lab4_encs/lab4_encs.srcs/sources_1/imports/lab4/registers_min_max.vhd:115]
ERROR: [VRFC 10-91] r3 is not declared [/nfs/home/b/b_mihigo/lab4_encs/lab4_encs.srcs/sources_1/imports/lab4/registers_min_max.vhd:123]
ERROR: [VRFC 10-91] r0 is not declared [/nfs/home/b/b_mihigo/lab4_encs/lab4_encs.srcs/sources_1/imports/lab4/registers_min_max.vhd:125]
ERROR: [VRFC 10-91] r3 is not declared [/nfs/home/b/b_mihigo/lab4_encs/lab4_encs.srcs/sources_1/imports/lab4/registers_min_max.vhd:122]
ERROR: [VRFC 10-91] r1 is not declared [/nfs/home/b/b_mihigo/lab4_encs/lab4_encs.srcs/sources_1/imports/lab4/registers_min_max.vhd:127]
ERROR: [VRFC 10-91] r3 is not declared [/nfs/home/b/b_mihigo/lab4_encs/lab4_encs.srcs/sources_1/imports/lab4/registers_min_max.vhd:121]
ERROR: [VRFC 10-91] r2 is not declared [/nfs/home/b/b_mihigo/lab4_encs/lab4_encs.srcs/sources_1/imports/lab4/registers_min_max.vhd:129]
ERROR: [VRFC 10-91] r3 is not declared [/nfs/home/b/b_mihigo/lab4_encs/lab4_encs.srcs/sources_1/imports/lab4/registers_min_max.vhd:120]
ERROR: [VRFC 10-91] r3 is not declared [/nfs/home/b/b_mihigo/lab4_encs/lab4_encs.srcs/sources_1/imports/lab4/registers_min_max.vhd:136]
ERROR: [VRFC 10-91] r0 is not declared [/nfs/home/b/b_mihigo/lab4_encs/lab4_encs.srcs/sources_1/imports/lab4/registers_min_max.vhd:138]
ERROR: [VRFC 10-91] r3 is not declared [/nfs/home/b/b_mihigo/lab4_encs/lab4_encs.srcs/sources_1/imports/lab4/registers_min_max.vhd:135]
ERROR: [VRFC 10-91] r1 is not declared [/nfs/home/b/b_mihigo/lab4_encs/lab4_encs.srcs/sources_1/imports/lab4/registers_min_max.vhd:140]
ERROR: [VRFC 10-91] r3 is not declared [/nfs/home/b/b_mihigo/lab4_encs/lab4_encs.srcs/sources_1/imports/lab4/registers_min_max.vhd:134]
ERROR: [VRFC 10-91] r2 is not declared [/nfs/home/b/b_mihigo/lab4_encs/lab4_encs.srcs/sources_1/imports/lab4/registers_min_max.vhd:142]
ERROR: [VRFC 10-91] r3 is not declared [/nfs/home/b/b_mihigo/lab4_encs/lab4_encs.srcs/sources_1/imports/lab4/registers_min_max.vhd:133]
ERROR: [VRFC 10-1504] unit comparator ignored due to previous errors [/nfs/home/b/b_mihigo/lab4_encs/lab4_encs.srcs/sources_1/imports/lab4/registers_min_max.vhd:96]
INFO: [VRFC 10-240] VHDL file /nfs/home/b/b_mihigo/lab4_encs/lab4_encs.srcs/sources_1/imports/lab4/registers_min_max.vhd ignored due to errors
INFO: [VRFC 10-163] Analyzing VHDL file "/nfs/home/b/b_mihigo/lab4_encs/lab4_encs.srcs/sources_1/imports/lab4/registers_min_max.vhd" into library work
INFO: [VRFC 10-307] analyzing entity registers_min_max
ERROR: [VRFC 10-91] r3 is not declared [/nfs/home/b/b_mihigo/lab4_encs/lab4_encs.srcs/sources_1/imports/lab4/registers_min_max.vhd:112]
ERROR: [VRFC 10-91] r2 is not declared [/nfs/home/b/b_mihigo/lab4_encs/lab4_encs.srcs/sources_1/imports/lab4/registers_min_max.vhd:113]
ERROR: [VRFC 10-91] r1 is not declared [/nfs/home/b/b_mihigo/lab4_encs/lab4_encs.srcs/sources_1/imports/lab4/registers_min_max.vhd:114]
ERROR: [VRFC 10-91] r0 is not declared [/nfs/home/b/b_mihigo/lab4_encs/lab4_encs.srcs/sources_1/imports/lab4/registers_min_max.vhd:115]
ERROR: [VRFC 10-91] r3 is not declared [/nfs/home/b/b_mihigo/lab4_encs/lab4_encs.srcs/sources_1/imports/lab4/registers_min_max.vhd:123]
ERROR: [VRFC 10-91] r0 is not declared [/nfs/home/b/b_mihigo/lab4_encs/lab4_encs.srcs/sources_1/imports/lab4/registers_min_max.vhd:125]
ERROR: [VRFC 10-91] r3 is not declared [/nfs/home/b/b_mihigo/lab4_encs/lab4_encs.srcs/sources_1/imports/lab4/registers_min_max.vhd:122]
ERROR: [VRFC 10-91] r1 is not declared [/nfs/home/b/b_mihigo/lab4_encs/lab4_encs.srcs/sources_1/imports/lab4/registers_min_max.vhd:127]
ERROR: [VRFC 10-91] r3 is not declared [/nfs/home/b/b_mihigo/lab4_encs/lab4_encs.srcs/sources_1/imports/lab4/registers_min_max.vhd:121]
ERROR: [VRFC 10-91] r2 is not declared [/nfs/home/b/b_mihigo/lab4_encs/lab4_encs.srcs/sources_1/imports/lab4/registers_min_max.vhd:129]
ERROR: [VRFC 10-91] r3 is not declared [/nfs/home/b/b_mihigo/lab4_encs/lab4_encs.srcs/sources_1/imports/lab4/registers_min_max.vhd:120]
ERROR: [VRFC 10-91] r3 is not declared [/nfs/home/b/b_mihigo/lab4_encs/lab4_encs.srcs/sources_1/imports/lab4/registers_min_max.vhd:136]
ERROR: [VRFC 10-91] r0 is not declared [/nfs/home/b/b_mihigo/lab4_encs/lab4_encs.srcs/sources_1/imports/lab4/registers_min_max.vhd:138]
ERROR: [VRFC 10-91] r3 is not declared [/nfs/home/b/b_mihigo/lab4_encs/lab4_encs.srcs/sources_1/imports/lab4/registers_min_max.vhd:135]
ERROR: [VRFC 10-91] r1 is not declared [/nfs/home/b/b_mihigo/lab4_encs/lab4_encs.srcs/sources_1/imports/lab4/registers_min_max.vhd:140]
ERROR: [VRFC 10-91] r3 is not declared [/nfs/home/b/b_mihigo/lab4_encs/lab4_encs.srcs/sources_1/imports/lab4/registers_min_max.vhd:134]
ERROR: [VRFC 10-91] r2 is not declared [/nfs/home/b/b_mihigo/lab4_encs/lab4_encs.srcs/sources_1/imports/lab4/registers_min_max.vhd:142]
ERROR: [VRFC 10-91] r3 is not declared [/nfs/home/b/b_mihigo/lab4_encs/lab4_encs.srcs/sources_1/imports/lab4/registers_min_max.vhd:133]
ERROR: [VRFC 10-1504] unit comparator ignored due to previous errors [/nfs/home/b/b_mihigo/lab4_encs/lab4_encs.srcs/sources_1/imports/lab4/registers_min_max.vhd:96]
INFO: [VRFC 10-240] VHDL file /nfs/home/b/b_mihigo/lab4_encs/lab4_encs.srcs/sources_1/imports/lab4/registers_min_max.vhd ignored due to errors
INFO: [VRFC 10-163] Analyzing VHDL file "/nfs/home/b/b_mihigo/lab4_encs/lab4_encs.srcs/sources_1/imports/lab4/registers_min_max.vhd" into library work
INFO: [VRFC 10-307] analyzing entity registers_min_max
INFO: [VRFC 10-163] Analyzing VHDL file "/nfs/home/b/b_mihigo/lab4_encs/lab4_encs.srcs/sources_1/imports/lab4/registers_min_max.vhd" into library work
INFO: [VRFC 10-307] analyzing entity registers_min_max
INFO: [VRFC 10-163] Analyzing VHDL file "/nfs/home/b/b_mihigo/lab4_encs/lab4_encs.srcs/sources_1/imports/lab4/register_4bit.vhd" into library work
INFO: [VRFC 10-307] analyzing entity Register_4bit
INFO: [VRFC 10-163] Analyzing VHDL file "/nfs/home/b/b_mihigo/lab4_encs/lab4_encs.srcs/sources_1/imports/lab4/registers_min_max.vhd" into library work
INFO: [VRFC 10-307] analyzing entity registers_min_max
INFO: [VRFC 10-163] Analyzing VHDL file "/nfs/home/b/b_mihigo/lab4_encs/lab4_encs.srcs/sources_1/imports/lab4/registers_min_max.vhd" into library work
INFO: [VRFC 10-307] analyzing entity registers_min_max
INFO: [VRFC 10-163] Analyzing VHDL file "/nfs/home/b/b_mihigo/lab4_encs/lab4_encs.srcs/sources_1/imports/lab4/registers_min_max.vhd" into library work
INFO: [VRFC 10-307] analyzing entity registers_min_max
INFO: [VRFC 10-163] Analyzing VHDL file "/nfs/home/b/b_mihigo/lab4_encs/lab4_encs.srcs/sources_1/imports/lab4/registers_min_max.vhd" into library work
INFO: [VRFC 10-307] analyzing entity registers_min_max
INFO: [VRFC 10-163] Analyzing VHDL file "/nfs/home/b/b_mihigo/lab4_encs/lab4_encs.srcs/sources_1/imports/lab4/registers_min_max.vhd" into library work
INFO: [VRFC 10-307] analyzing entity registers_min_max
INFO: [VRFC 10-163] Analyzing VHDL file "/nfs/home/b/b_mihigo/lab4_encs/lab4_encs.srcs/sources_1/imports/lab4/registers_min_max.vhd" into library work
INFO: [VRFC 10-307] analyzing entity registers_min_max
INFO: [VRFC 10-163] Analyzing VHDL file "/nfs/home/b/b_mihigo/lab4_encs/lab4_encs.srcs/sources_1/imports/lab4/registers_min_max.vhd" into library work
INFO: [VRFC 10-307] analyzing entity registers_min_max
INFO: [VRFC 10-163] Analyzing VHDL file "/nfs/home/b/b_mihigo/lab4_encs/lab4_encs.srcs/sources_1/imports/lab4/registers_min_max.vhd" into library work
INFO: [VRFC 10-307] analyzing entity registers_min_max
ERROR: [VRFC 10-469] cannot update 'in' object din [/nfs/home/b/b_mihigo/lab4_encs/lab4_encs.srcs/sources_1/imports/lab4/registers_min_max.vhd:57]
ERROR: [VRFC 10-1471] type error near user_input ; current type std_logic; expected type std_logic_vector [/nfs/home/b/b_mihigo/lab4_encs/lab4_encs.srcs/sources_1/imports/lab4/registers_min_max.vhd:57]
ERROR: [VRFC 10-1504] unit myarch ignored due to previous errors [/nfs/home/b/b_mihigo/lab4_encs/lab4_encs.srcs/sources_1/imports/lab4/registers_min_max.vhd:22]
INFO: [VRFC 10-240] VHDL file /nfs/home/b/b_mihigo/lab4_encs/lab4_encs.srcs/sources_1/imports/lab4/registers_min_max.vhd ignored due to errors
INFO: [VRFC 10-163] Analyzing VHDL file "/nfs/home/b/b_mihigo/lab4_encs/lab4_encs.srcs/sources_1/imports/lab4/registers_min_max.vhd" into library work
INFO: [VRFC 10-307] analyzing entity registers_min_max
INFO: [VRFC 10-163] Analyzing VHDL file "/nfs/home/b/b_mihigo/lab4_encs/lab4_encs.srcs/sources_1/imports/lab4/registers_min_max.vhd" into library work
INFO: [VRFC 10-307] analyzing entity registers_min_max
INFO: [VRFC 10-163] Analyzing VHDL file "/nfs/home/b/b_mihigo/lab4_encs/lab4_encs.srcs/sources_1/imports/lab4/registers_min_max.vhd" into library work
INFO: [VRFC 10-307] analyzing entity registers_min_max
INFO: [VRFC 10-163] Analyzing VHDL file "/nfs/home/b/b_mihigo/lab4_encs/lab4_encs.srcs/sources_1/imports/lab4/registers_min_max.vhd" into library work
INFO: [VRFC 10-307] analyzing entity registers_min_max
INFO: [VRFC 10-163] Analyzing VHDL file "/nfs/home/b/b_mihigo/lab4_encs/lab4_encs.srcs/sources_1/imports/lab4/registers_min_max.vhd" into library work
INFO: [VRFC 10-307] analyzing entity registers_min_max
INFO: [VRFC 10-163] Analyzing VHDL file "/nfs/home/b/b_mihigo/lab4_encs/lab4_encs.srcs/sources_1/imports/lab4/registers_min_max.vhd" into library work
INFO: [VRFC 10-307] analyzing entity registers_min_max
INFO: [VRFC 10-163] Analyzing VHDL file "/nfs/home/b/b_mihigo/lab4_encs/lab4_encs.srcs/sources_1/imports/lab4/registers_min_max.vhd" into library work
INFO: [VRFC 10-307] analyzing entity registers_min_max
INFO: [VRFC 10-163] Analyzing VHDL file "/nfs/home/b/b_mihigo/lab4_encs/lab4_encs.srcs/sources_1/imports/lab4/registers_min_max.vhd" into library work
INFO: [VRFC 10-307] analyzing entity registers_min_max
INFO: [VRFC 10-163] Analyzing VHDL file "/nfs/home/b/b_mihigo/lab4_encs/lab4_encs.srcs/sources_1/imports/lab4/registers_min_max.vhd" into library work
INFO: [VRFC 10-307] analyzing entity registers_min_max
INFO: [VRFC 10-163] Analyzing VHDL file "/nfs/home/b/b_mihigo/lab4_encs/lab4_encs.srcs/sources_1/imports/lab4/registers_min_max.vhd" into library work
INFO: [VRFC 10-307] analyzing entity registers_min_max
INFO: [VRFC 10-163] Analyzing VHDL file "/nfs/home/b/b_mihigo/lab4_encs/lab4_encs.srcs/sources_1/imports/lab4/registers_min_max.vhd" into library work
INFO: [VRFC 10-307] analyzing entity registers_min_max
INFO: [VRFC 10-163] Analyzing VHDL file "/nfs/home/b/b_mihigo/lab4_encs/lab4_encs.srcs/sources_1/imports/lab4/registers_min_max.vhd" into library work
INFO: [VRFC 10-307] analyzing entity registers_min_max
INFO: [VRFC 10-163] Analyzing VHDL file "/nfs/home/b/b_mihigo/lab4_encs/lab4_encs.srcs/sources_1/imports/lab4/registers_min_max.vhd" into library work
INFO: [VRFC 10-307] analyzing entity registers_min_max
INFO: [VRFC 10-163] Analyzing VHDL file "/nfs/home/b/b_mihigo/lab4_encs/lab4_encs.srcs/sources_1/imports/lab4/registers_min_max.vhd" into library work
INFO: [VRFC 10-307] analyzing entity registers_min_max
INFO: [VRFC 10-163] Analyzing VHDL file "/nfs/home/b/b_mihigo/lab4_encs/lab4_encs.srcs/sources_1/imports/lab4/registers_min_max.vhd" into library work
INFO: [VRFC 10-307] analyzing entity registers_min_max
